build/app/intermediates/proguard-rules/release/aapt_rules.txt
# Referenced at release/arm64-v8a/AndroidManifest.xml:19
-keep class android.app.Application { <init>(); }
# Referenced at release/arm64-v8a/AndroidManifest.xml:19
-keep class androidx.core.app.CoreComponentFactory { <init>(); }
# Referenced at release/arm64-v8a/AndroidManifest.xml:24
-keep class com.example.majootestcase.MainActivity { <init>(); }