build/app/outputs/mapping/release/mapping.txt
# compiler: R8
# compiler_version: 1.5.64
# min_api: 16
# pg_map_id: 0f628b5
...
kotlinx.coroutines.channels.AbstractChannel$RemoveReceiveOnCancel -> kotlinx.coroutines.k2.a$c:
    kotlinx.coroutines.channels.Receive receive -> d
    kotlinx.coroutines.channels.AbstractChannel this$0 -> e
    void invoke(java.lang.Throwable) -> a
kotlinx.coroutines.channels.AbstractChannel$enqueueReceiveInternal$$inlined$addLastIfPrevAndIf$1 -> kotlinx.coroutines.k2.a$d:
    kotlinx.coroutines.channels.AbstractChannel this$0 -> d
    java.lang.Object prepare(kotlinx.coroutines.internal.LockFreeLinkedListNode) -> a
    java.lang.Object prepare(java.lang.Object) -> c
kotlinx.coroutines.channels.AbstractChannelKt -> kotlinx.coroutines.k2.b:
    kotlinx.coroutines.internal.Symbol EMPTY -> a
    kotlinx.coroutines.internal.Symbol POLL_FAILED -> d
    kotlinx.coroutines.internal.Symbol OFFER_SUCCESS -> b
    kotlinx.coroutines.internal.Symbol OFFER_FAILED -> c
kotlinx.coroutines.channels.AbstractSendChannel -> kotlinx.coroutines.k2.c:
    kotlinx.coroutines.internal.LockFreeLinkedListHead queue -> c
    kotlin.jvm.functions.Function1 onUndeliveredElement -> b
    java.lang.String getBufferDebugString() -> a
    void helpClose(kotlinx.coroutines.channels.Closed) -> a
    void onClosedIdempotent(kotlinx.coroutines.internal.LockFreeLinkedListNode) -> a
    java.lang.Object trySend-JP2dKIU(java.lang.Object) -> a
    kotlinx.coroutines.channels.Closed getClosedForSend() -> b
    java.lang.Throwable helpCloseAndGetSendException(kotlinx.coroutines.channels.Closed) -> b
    java.lang.Object offerInternal(java.lang.Object) -> b
    kotlinx.coroutines.internal.LockFreeLinkedListHead getQueue() -> c
    kotlinx.coroutines.channels.ReceiveOrClosed sendBuffered(java.lang.Object) -> c
    kotlinx.coroutines.channels.ReceiveOrClosed takeFirstReceiveOrPeekClosed() -> d
    kotlinx.coroutines.channels.Send takeFirstSendOrPeekClosed() -> e
    int countQueueSize() -> f
    java.lang.String getQueueDebugStateString() -> g
kotlinx.coroutines.channels.AbstractSendChannel$SendBuffered -> kotlinx.coroutines.k2.c$a:
    java.lang.Object element -> g
    kotlinx.coroutines.internal.Symbol tryResumeSend(kotlinx.coroutines.internal.LockFreeLinkedListNode$PrepareOp) -> a
    void completeResumeSend() -> m
    java.lang.Object getPollResult() -> n
kotlinx.coroutines.channels.ArrayChannel -> kotlinx.coroutines.k2.d:
    kotlinx.coroutines.channels.BufferOverflow onBufferOverflow -> e
    int head -> h
    int capacity -> d
    java.util.concurrent.locks.ReentrantLock lock -> f
    java.lang.Object[] buffer -> g
    void enqueueElement(int,java.lang.Object) -> a
    boolean enqueueReceiveInternal(kotlinx.coroutines.channels.Receive) -> a
    void ensureCapacity(int) -> a
    java.lang.String getBufferDebugString() -> a
    java.lang.Object offerInternal(java.lang.Object) -> b
    kotlinx.coroutines.internal.Symbol updateBufferSize(int) -> b
    boolean isBufferAlwaysEmpty() -> f
    boolean isBufferEmpty() -> g
    java.lang.Object pollInternal() -> j
kotlinx.coroutines.channels.ArrayChannel$WhenMappings -> kotlinx.coroutines.k2.d$a:
    int[] $EnumSwitchMapping$0 -> a
kotlinx.coroutines.channels.BufferOverflow -> kotlinx.coroutines.k2.e:
    kotlinx.coroutines.channels.BufferOverflow DROP_LATEST -> f
    kotlinx.coroutines.channels.BufferOverflow DROP_OLDEST -> e
    kotlinx.coroutines.channels.BufferOverflow[] $VALUES -> g
    kotlinx.coroutines.channels.BufferOverflow SUSPEND -> d
    kotlinx.coroutines.channels.BufferOverflow[] $values() -> a
kotlinx.coroutines.channels.Channel -> kotlinx.coroutines.k2.f:
    kotlinx.coroutines.channels.Channel$Factory Factory -> a
kotlinx.coroutines.channels.Channel$Factory -> kotlinx.coroutines.k2.f$a:
    int CHANNEL_DEFAULT_CAPACITY -> b
    kotlinx.coroutines.channels.Channel$Factory $$INSTANCE -> a
    int getCHANNEL_DEFAULT_CAPACITY$kotlinx_coroutines_core() -> a
kotlinx.coroutines.channels.ChannelIterator -> kotlinx.coroutines.k2.g:
    java.lang.Object hasNext(kotlin.coroutines.Continuation) -> a